  main.cpp
main.obj : error LNK2019: 无法解析的外部符号 "public: virtual __thiscall seal::util::MemoryPoolMT::~MemoryPoolMT(void)" (??1MemoryPoolMT@util@seal@@UAE@XZ)，函数 "public: virtual void * __thiscall seal::util::MemoryPoolMT::`scalar deleting destructor'(unsigned int)" (??_GMemoryPoolMT@util@seal@@UAEPAXI@Z) 中引用了该符号
main.obj : error LNK2001: 无法解析的外部符号 "public: virtual class seal::util::Pointer<enum seal::seal_byte,void> __thiscall seal::util::MemoryPoolMT::get_for_byte_count(unsigned int)" (?get_for_byte_count@MemoryPoolMT@util@seal@@UAE?AV?$Pointer@W4seal_byte@seal@@X@23@I@Z)
main.obj : error LNK2001: 无法解析的外部符号 "public: virtual unsigned int __thiscall seal::util::MemoryPoolMT::alloc_byte_count(void)const " (?alloc_byte_count@MemoryPoolMT@util@seal@@UBEIXZ)
main.obj : error LNK2019: 无法解析的外部符号 "private: void __thiscall seal::Modulus::set_value(unsigned __int64)" (?set_value@Modulus@seal@@AAEX_K@Z)，函数 "public: __thiscall seal::Modulus::Modulus(unsigned __int64)" (??0Modulus@seal@@QAE@_K@Z) 中引用了该符号
main.obj : error LNK2019: 无法解析的外部符号 "public: static class std::vector<class seal::Modulus,class std::allocator<class seal::Modulus> > __cdecl seal::CoeffModulus::BFVDefault(unsigned int,enum seal::sec_level_type)" (?BFVDefault@CoeffModulus@seal@@SA?AV?$vector@VModulus@seal@@V?$allocator@VModulus@seal@@@std@@@std@@IW4sec_level_type@2@@Z)，函数 _main 中引用了该符号
main.obj : error LNK2019: 无法解析的外部符号 "private: void __thiscall seal::EncryptionParameters::compute_parms_id(void)" (?compute_parms_id@EncryptionParameters@seal@@AAEXXZ)，函数 "public: __thiscall seal::EncryptionParameters::EncryptionParameters(enum seal::scheme_type)" (??0EncryptionParameters@seal@@QAE@W4scheme_type@1@@Z) 中引用了该符号
main.obj : error LNK2019: 无法解析的外部符号 "void __cdecl seal::util::ntt_negacyclic_harvey(class seal::util::PtrIter<unsigned __int64 *>,class seal::util::NTTTables const &)" (?ntt_negacyclic_harvey@util@seal@@YAXV?$PtrIter@PA_K@12@ABVNTTTables@12@@Z)，函数 "private: void __thiscall seal::CKKSEncoder::encode_internal<double,void>(double const *,unsigned int,class std::array<unsigned __int64,4>,double,class seal::Plaintext &,class seal::MemoryPoolHandle)" (??$encode_internal@NX@CKKSEncoder@seal@@AAEXPBNIV?$array@_K$03@std@@NAAVPlaintext@1@VMemoryPoolHandle@1@@Z) 中引用了该符号
main.obj : error LNK2019: 无法解析的外部符号 "void __cdecl seal::util::inverse_ntt_negacyclic_harvey(class seal::util::PtrIter<unsigned __int64 *>,class seal::util::NTTTables const &)" (?inverse_ntt_negacyclic_harvey@util@seal@@YAXV?$PtrIter@PA_K@12@ABVNTTTables@12@@Z)，函数 "private: void __thiscall seal::CKKSEncoder::decode_internal<double,void>(class seal::Plaintext const &,double *,class seal::MemoryPoolHandle)" (??$decode_internal@NX@CKKSEncoder@seal@@AAEXABVPlaintext@1@PANVMemoryPoolHandle@1@@Z) 中引用了该符号
main.obj : error LNK2019: 无法解析的外部符号 "public: void __thiscall seal::util::RNSBase::decompose(unsigned __int64 *,class seal::MemoryPoolHandle)const " (?decompose@RNSBase@util@seal@@QBEXPA_KVMemoryPoolHandle@3@@Z)，函数 "private: void __thiscall seal::CKKSEncoder::encode_internal<double,void>(double const *,unsigned int,class std::array<unsigned __int64,4>,double,class seal::Plaintext &,class seal::MemoryPoolHandle)" (??$encode_internal@NX@CKKSEncoder@seal@@AAEXPBNIV?$array@_K$03@std@@NAAVPlaintext@1@VMemoryPoolHandle@1@@Z) 中引用了该符号
main.obj : error LNK2019: 无法解析的外部符号 "public: void __thiscall seal::util::RNSBase::compose_array(unsigned __int64 *,unsigned int,class seal::MemoryPoolHandle)const " (?compose_array@RNSBase@util@seal@@QBEXPA_KIVMemoryPoolHandle@3@@Z)，函数 "private: void __thiscall seal::CKKSEncoder::decode_internal<double,void>(class seal::Plaintext const &,double *,class seal::MemoryPoolHandle)" (??$decode_internal@NX@CKKSEncoder@seal@@AAEXABVPlaintext@1@PANVMemoryPoolHandle@1@@Z) 中引用了该符号
main.obj : error LNK2019: 无法解析的外部符号 "private: __thiscall seal::SEALContext::SEALContext(class seal::EncryptionParameters,bool,enum seal::sec_level_type,class seal::MemoryPoolHandle)" (??0SEALContext@seal@@AAE@VEncryptionParameters@1@_NW4sec_level_type@1@VMemoryPoolHandle@1@@Z)，函数 "public: __thiscall seal::SEALContext::SEALContext(class seal::EncryptionParameters const &,bool,enum seal::sec_level_type)" (??0SEALContext@seal@@QAE@ABVEncryptionParameters@1@_NW4sec_level_type@1@@Z) 中引用了该符号
main.obj : error LNK2019: 无法解析的外部符号 "bool __cdecl seal::is_buffer_valid(class seal::Plaintext const &)" (?is_buffer_valid@seal@@YA_NABVPlaintext@1@@Z)，函数 "bool __cdecl seal::is_valid_for(class seal::Plaintext const &,class seal::SEALContext const &)" (?is_valid_for@seal@@YA_NABVPlaintext@1@ABVSEALContext@1@@Z) 中引用了该符号
main.obj : error LNK2019: 无法解析的外部符号 "bool __cdecl seal::is_data_valid_for(class seal::Plaintext const &,class seal::SEALContext const &)" (?is_data_valid_for@seal@@YA_NABVPlaintext@1@ABVSEALContext@1@@Z)，函数 "bool __cdecl seal::is_valid_for(class seal::Plaintext const &,class seal::SEALContext const &)" (?is_valid_for@seal@@YA_NABVPlaintext@1@ABVSEALContext@1@@Z) 中引用了该符号
main.obj : error LNK2019: 无法解析的外部符号 "public: class seal::Ciphertext & __thiscall seal::Ciphertext::operator=(class seal::Ciphertext const &)" (??4Ciphertext@seal@@QAEAAV01@ABV01@@Z)，函数 "public: void __thiscall seal::Evaluator::add(class seal::Ciphertext const &,class seal::Ciphertext const &,class seal::Ciphertext &)const " (?add@Evaluator@seal@@QBEXABVCiphertext@2@0AAV32@@Z) 中引用了该符号
main.obj : error LNK2019: 无法解析的外部符号 "public: __thiscall seal::CKKSEncoder::CKKSEncoder(class seal::SEALContext const &)" (??0CKKSEncoder@seal@@QAE@ABVSEALContext@1@@Z)，函数 _main 中引用了该符号
main.obj : error LNK2019: 无法解析的外部符号 "public: __thiscall seal::Decryptor::Decryptor(class seal::SEALContext const &,class seal::SecretKey const &)" (??0Decryptor@seal@@QAE@ABVSEALContext@1@ABVSecretKey@1@@Z)，函数 _main 中引用了该符号
main.obj : error LNK2019: 无法解析的外部符号 "public: void __thiscall seal::Decryptor::decrypt(class seal::Ciphertext const &,class seal::Plaintext &)" (?decrypt@Decryptor@seal@@QAEXABVCiphertext@2@AAVPlaintext@2@@Z)，函数 _main 中引用了该符号
main.obj : error LNK2019: 无法解析的外部符号 "public: __thiscall seal::Encryptor::Encryptor(class seal::SEALContext const &,class seal::PublicKey const &)" (??0Encryptor@seal@@QAE@ABVSEALContext@1@ABVPublicKey@1@@Z)，函数 _main 中引用了该符号
main.obj : error LNK2019: 无法解析的外部符号 "private: void __thiscall seal::Encryptor::encrypt_internal(class seal::Plaintext const &,bool,bool,class seal::Ciphertext &,class seal::MemoryPoolHandle)const " (?encrypt_internal@Encryptor@seal@@ABEXABVPlaintext@2@_N1AAVCiphertext@2@VMemoryPoolHandle@2@@Z)，函数 "public: void __thiscall seal::Encryptor::encrypt(class seal::Plaintext const &,class seal::Ciphertext &,class seal::MemoryPoolHandle)const " (?encrypt@Encryptor@seal@@QBEXABVPlaintext@2@AAVCiphertext@2@VMemoryPoolHandle@2@@Z) 中引用了该符号
main.obj : error LNK2019: 无法解析的外部符号 "public: __thiscall seal::Evaluator::Evaluator(class seal::SEALContext const &)" (??0Evaluator@seal@@QAE@ABVSEALContext@1@@Z)，函数 _main 中引用了该符号
main.obj : error LNK2019: 无法解析的外部符号 "public: void __thiscall seal::Evaluator::add_inplace(class seal::Ciphertext &,class seal::Ciphertext const &)const " (?add_inplace@Evaluator@seal@@QBEXAAVCiphertext@2@ABV32@@Z)，函数 "public: void __thiscall seal::Evaluator::add(class seal::Ciphertext const &,class seal::Ciphertext const &,class seal::Ciphertext &)const " (?add@Evaluator@seal@@QBEXABVCiphertext@2@0AAV32@@Z) 中引用了该符号
main.obj : error LNK2019: 无法解析的外部符号 "public: __thiscall seal::KeyGenerator::KeyGenerator(class seal::SEALContext const &)" (??0KeyGenerator@seal@@QAE@ABVSEALContext@1@@Z)，函数 _main 中引用了该符号
main.obj : error LNK2019: 无法解析的外部符号 "public: class seal::SecretKey const & __thiscall seal::KeyGenerator::secret_key(void)const " (?secret_key@KeyGenerator@seal@@QBEABVSecretKey@2@XZ)，函数 _main 中引用了该符号
main.obj : error LNK2019: 无法解析的外部符号 "private: class seal::PublicKey __thiscall seal::KeyGenerator::generate_pk(bool)const " (?generate_pk@KeyGenerator@seal@@ABE?AVPublicKey@2@_N@Z)，函数 "public: void __thiscall seal::KeyGenerator::create_public_key(class seal::PublicKey &)const " (?create_public_key@KeyGenerator@seal@@QBEXAAVPublicKey@2@@Z) 中引用了该符号
main.obj : error LNK2001: 无法解析的外部符号 "class std::shared_ptr<class seal::util::MemoryPool> const seal::util::global_variables::global_memory_pool" (?global_memory_pool@global_variables@util@seal@@3V?$shared_ptr@VMemoryPool@util@seal@@@std@@B)
main.obj : error LNK2001: 无法解析的外部符号 "class std::shared_ptr<class seal::util::MemoryPool> const seal::util::global_variables::tls_memory_pool" (?tls_memory_pool@global_variables@util@seal@@3V?$shared_ptr@VMemoryPool@util@seal@@@std@@B)
main.obj : error LNK2001: 无法解析的外部符号 "class std::array<unsigned __int64,4> const seal::parms_id_zero" (?parms_id_zero@seal@@3V?$array@_K$03@std@@B)
D:\SEAL\build\lib\Release\seal-4.0.lib : warning LNK4272: 库计算机类型“x64”与目标计算机类型“x86”冲突
C:\Users\yanbuge\source\repos\VMSVM\Debug\VMSVM.exe : fatal error LNK1120: 27 个无法解析的外部命令
